<?xml version="1.0" encoding="UTF-8"?>
<testng-results skipped="0" failed="0" ignored="0" total="1" passed="1">
  <reporter-output>
  </reporter-output>
  <suite name="Default suite" duration-ms="33" started-at="2020-11-19T14:37:56Z" finished-at="2020-11-19T14:37:56Z">
    <groups>
    </groups>
    <test name="Default test" duration-ms="33" started-at="2020-11-19T14:37:56Z" finished-at="2020-11-19T14:37:56Z">
      <class name="org.testng.Testcase">
        <test-method status="PASS" signature="beforeClass()[pri:0, instance:org.testng.Testcase@59fa1d9b]" name="beforeClass" is-config="true" duration-ms="10" started-at="2020-11-19T14:37:56Z" finished-at="2020-11-19T14:37:56Z">
          <reporter-output>
          </reporter-output>
        </test-method> <!-- beforeClass -->
        <test-method status="PASS" signature="mainTest()[pri:0, instance:org.testng.Testcase@59fa1d9b]" name="mainTest" duration-ms="4" started-at="2020-11-19T14:37:56Z" finished-at="2020-11-19T14:37:56Z">
          <reporter-output>
          </reporter-output>
        </test-method> <!-- mainTest -->
        <test-method status="PASS" signature="beforeMethod()[pri:0, instance:org.testng.Testcase@59fa1d9b]" name="beforeMethod" is-config="true" duration-ms="0" started-at="2020-11-19T14:37:56Z" finished-at="2020-11-19T14:37:56Z">
          <reporter-output>
          </reporter-output>
        </test-method> <!-- beforeMethod -->
        <test-method status="PASS" signature="afterClass()[pri:0, instance:org.testng.Testcase@59fa1d9b]" name="afterClass" is-config="true" duration-ms="0" started-at="2020-11-19T14:37:56Z" finished-at="2020-11-19T14:37:56Z">
          <reporter-output>
          </reporter-output>
        </test-method> <!-- afterClass -->
        <test-method status="PASS" signature="afterMethod()[pri:0, instance:org.testng.Testcase@59fa1d9b]" name="afterMethod" is-config="true" duration-ms="0" started-at="2020-11-19T14:37:56Z" finished-at="2020-11-19T14:37:56Z">
          <reporter-output>
          </reporter-output>
        </test-method> <!-- afterMethod -->
      </class> <!-- org.testng.Testcase -->
    </test> <!-- Default test -->
  </suite> <!-- Default suite -->
</testng-results>
